# JRE version: Java(TM) SE Runtime Environment (8.0_144-b01) (build 1.8.0_144-b01)
# Java VM: Java HotSpot(TM) 64-Bit Server VM (25.144-b01 mixed mode windows-amd64 compressed oops)
Heap:
 PSYoungGen      total 1210880K, used 117466K [0x0000000775f80000, 0x00000007c0000000, 0x00000007c0000000)
  eden space 1208832K, 9% used [0x0000000775f80000,0x000000077d0db7b8,0x00000007bfc00000)
  from space 2048K, 67% used [0x00000007bfe00000,0x00000007bff5b220,0x00000007c0000000)
  to   space 2048K, 0% used [0x00000007bfc00000,0x00000007bfc00000,0x00000007bfe00000)
 ParOldGen       total 134656K, used 60532K [0x00000006e1e00000, 0x00000006ea180000, 0x0000000775f80000)
  object space 134656K, 44% used [0x00000006e1e00000,0x00000006e591d210,0x00000006ea180000)
 Metaspace       used 28692K, capacity 29970K, committed 30208K, reserved 1075200K
  class space    used 3750K, capacity 4012K, committed 4096K, reserved 1048576K
GC Heap History (10 events):
Event: 33.961 GC heap before
{Heap before GC invocations=61 (full 2):
 PSYoungGen      total 1210368K, used 1330K [0x0000000775f80000, 0x00000007c0000000, 0x00000007c0000000)
  eden space 1207808K, 0% used [0x0000000775f80000,0x0000000775f80000,0x00000007bfb00000)
  from space 2560K, 51% used [0x00000007bfb00000,0x00000007bfc4cb50,0x00000007bfd80000)
  to   space 2560K, 0% used [0x00000007bfd80000,0x00000007bfd80000,0x00000007c0000000)
 ParOldGen       total 70656K, used 67092K [0x00000006e1e00000, 0x00000006e6300000, 0x0000000775f80000)
  object space 70656K, 94% used [0x00000006e1e00000,0x00000006e5f852e8,0x00000006e6300000)
 Metaspace       used 28528K, capacity 29788K, committed 29952K, reserved 1075200K
  class space    used 3743K, capacity 4015K, committed 4096K, reserved 1048576K
Event: 34.022 GC heap after
Heap after GC invocations=61 (full 2):
 PSYoungGen      total 1210368K, used 0K [0x0000000775f80000, 0x00000007c0000000, 0x00000007c0000000)
  eden space 1207808K, 0% used [0x0000000775f80000,0x0000000775f80000,0x00000007bfb00000)
  from space 2560K, 0% used [0x00000007bfb00000,0x00000007bfb00000,0x00000007bfd80000)
  to   space 2560K, 0% used [0x00000007bfd80000,0x00000007bfd80000,0x00000007c0000000)
 ParOldGen       total 134656K, used 60044K [0x00000006e1e00000, 0x00000006ea180000, 0x0000000775f80000)
  object space 134656K, 44% used [0x00000006e1e00000,0x00000006e58a3210,0x00000006ea180000)
 Metaspace       used 28512K, capacity 29742K, committed 29952K, reserved 1075200K
  class space    used 3737K, capacity 4004K, committed 4096K, reserved 1048576K
}
Event: 35.447 GC heap before
{Heap before GC invocations=62 (full 2):
 PSYoungGen      total 1210368K, used 1207808K [0x0000000775f80000, 0x00000007c0000000, 0x00000007c0000000)
  eden space 1207808K, 100% used [0x0000000775f80000,0x00000007bfb00000,0x00000007bfb00000)
  from space 2560K, 0% used [0x00000007bfb00000,0x00000007bfb00000,0x00000007bfd80000)
  to   space 2560K, 0% used [0x00000007bfd80000,0x00000007bfd80000,0x00000007c0000000)
 ParOldGen       total 134656K, used 60044K [0x00000006e1e00000, 0x00000006ea180000, 0x0000000775f80000)
  object space 134656K, 44% used [0x00000006e1e00000,0x00000006e58a3210,0x00000006ea180000)
 Metaspace       used 28512K, capacity 29742K, committed 29952K, reserved 1075200K
  class space    used 3737K, capacity 4004K, committed 4096K, reserved 1048576K
Event: 35.448 GC heap after
Heap after GC invocations=62 (full 2):
 PSYoungGen      total 1210368K, used 256K [0x0000000775f80000, 0x00000007c0000000, 0x00000007c0000000)
  eden space 1207808K, 0% used [0x0000000775f80000,0x0000000775f80000,0x00000007bfb00000)
  from space 2560K, 10% used [0x00000007bfd80000,0x00000007bfdc0000,0x00000007c0000000)
  to   space 2560K, 0% used [0x00000007bfb00000,0x00000007bfb00000,0x00000007bfd80000)
 ParOldGen       total 134656K, used 60044K [0x00000006e1e00000, 0x00000006ea180000, 0x0000000775f80000)
  object space 134656K, 44% used [0x00000006e1e00000,0x00000006e58a3210,0x00000006ea180000)
 Metaspace       used 28512K, capacity 29742K, committed 29952K, reserved 1075200K
  class space    used 3737K, capacity 4004K, committed 4096K, reserved 1048576K
}
Event: 36.842 GC heap before
{Heap before GC invocations=63 (full 2):
 PSYoungGen      total 1210368K, used 1208064K [0x0000000775f80000, 0x00000007c0000000, 0x00000007c0000000)
  eden space 1207808K, 100% used [0x0000000775f80000,0x00000007bfb00000,0x00000007bfb00000)
  from space 2560K, 10% used [0x00000007bfd80000,0x00000007bfdc0000,0x00000007c0000000)
  to   space 2560K, 0% used [0x00000007bfb00000,0x00000007bfb00000,0x00000007bfd80000)
 ParOldGen       total 134656K, used 60044K [0x00000006e1e00000, 0x00000006ea180000, 0x0000000775f80000)
  object space 134656K, 44% used [0x00000006e1e00000,0x00000006e58a3210,0x00000006ea180000)
 Metaspace       used 28512K, capacity 29742K, committed 29952K, reserved 1075200K
  class space    used 3737K, capacity 4004K, committed 4096K, reserved 1048576K
Event: 36.844 GC heap after
Heap after GC invocations=63 (full 2):
 PSYoungGen      total 1208320K, used 192K [0x0000000775f80000, 0x00000007bff00000, 0x00000007c0000000)
  eden space 1207808K, 0% used [0x0000000775f80000,0x0000000775f80000,0x00000007bfb00000)
  from space 512K, 37% used [0x00000007bfb00000,0x00000007bfb30000,0x00000007bfb80000)
  to   space 2048K, 0% used [0x00000007bfd00000,0x00000007bfd00000,0x00000007bff00000)
 ParOldGen       total 134656K, used 60060K [0x00000006e1e00000, 0x00000006ea180000, 0x0000000775f80000)
  object space 134656K, 44% used [0x00000006e1e00000,0x00000006e58a7210,0x00000006ea180000)
 Metaspace       used 28512K, capacity 29742K, committed 29952K, reserved 1075200K
  class space    used 3737K, capacity 4004K, committed 4096K, reserved 1048576K
}
Event: 37.728 GC heap before
{Heap before GC invocations=64 (full 2):
 PSYoungGen      total 1208320K, used 1208000K [0x0000000775f80000, 0x00000007bff00000, 0x00000007c0000000)
  eden space 1207808K, 100% used [0x0000000775f80000,0x00000007bfb00000,0x00000007bfb00000)
  from space 512K, 37% used [0x00000007bfb00000,0x00000007bfb30000,0x00000007bfb80000)
  to   space 2048K, 0% used [0x00000007bfd00000,0x00000007bfd00000,0x00000007bff00000)
 ParOldGen       total 134656K, used 60060K [0x00000006e1e00000, 0x00000006ea180000, 0x0000000775f80000)
  object space 134656K, 44% used [0x00000006e1e00000,0x00000006e58a7210,0x00000006ea180000)
 Metaspace       used 28549K, capacity 29830K, committed 29952K, reserved 1075200K
  class space    used 3743K, capacity 4010K, committed 4096K, reserved 1048576K
Event: 37.732 GC heap after
Heap after GC invocations=64 (full 2):
 PSYoungGen      total 1151488K, used 480K [0x0000000775f80000, 0x00000007bfd80000, 0x00000007c0000000)
  eden space 1150976K, 0% used [0x0000000775f80000,0x0000000775f80000,0x00000007bc380000)
  from space 512K, 93% used [0x00000007bfd00000,0x00000007bfd78000,0x00000007bfd80000)
  to   space 2048K, 0% used [0x00000007bf980000,0x00000007bf980000,0x00000007bfb80000)
 ParOldGen       total 134656K, used 60068K [0x00000006e1e00000, 0x00000006ea180000, 0x0000000775f80000)
  object space 134656K, 44% used [0x00000006e1e00000,0x00000006e58a9210,0x00000006ea180000)
 Metaspace       used 28549K, capacity 29830K, committed 29952K, reserved 1075200K
  class space    used 3743K, capacity 4010K, committed 4096K, reserved 1048576K
}
Event: 37.934 GC heap before
{Heap before GC invocations=65 (full 2):
 PSYoungGen      total 1151488K, used 1151456K [0x0000000775f80000, 0x00000007bfd80000, 0x00000007c0000000)
  eden space 1150976K, 100% used [0x0000000775f80000,0x00000007bc380000,0x00000007bc380000)
  from space 512K, 93% used [0x00000007bfd00000,0x00000007bfd78000,0x00000007bfd80000)
  to   space 2048K, 0% used [0x00000007bf980000,0x00000007bf980000,0x00000007bfb80000)
 ParOldGen       total 134656K, used 60068K [0x00000006e1e00000, 0x00000006ea180000, 0x0000000775f80000)
  object space 134656K, 44% used [0x00000006e1e00000,0x00000006e58a9210,0x00000006ea180000)
 Metaspace       used 28549K, capacity 29830K, committed 29952K, reserved 1075200K
  class space    used 3743K, capacity 4010K, committed 4096K, reserved 1048576K
Event: 37.938 GC heap after
Heap after GC invocations=65 (full 2):
 PSYoungGen      total 1208320K, used 160K [0x0000000775f80000, 0x00000007c0000000, 0x00000007c0000000)
  eden space 1206272K, 0% used [0x0000000775f80000,0x0000000775f80000,0x00000007bf980000)
  from space 2048K, 7% used [0x00000007bf980000,0x00000007bf9a8000,0x00000007bfb80000)
  to   space 2048K, 0% used [0x00000007bfe00000,0x00000007bfe00000,0x00000007c0000000)
 ParOldGen       total 134656K, used 60484K [0x00000006e1e00000, 0x00000006ea180000, 0x0000000775f80000)
  object space 134656K, 44% used [0x00000006e1e00000,0x00000006e5911210,0x00000006ea180000)
 Metaspace       used 28549K, capacity 29830K, committed 29952K, reserved 1075200K
  class space    used 3743K, capacity 4010K, committed 4096K, reserved 1048576K
}

