# JRE version: Java(TM) SE Runtime Environment (8.0_144-b01) (build 1.8.0_144-b01)
# Java VM: Java HotSpot(TM) 64-Bit Server VM (25.144-b01 mixed mode windows-amd64 compressed oops)
Heap:
 PSYoungGen      total 141824K, used 56620K [0x000000076b580000, 0x0000000774c80000, 0x00000007c0000000)
  eden space 129024K, 41% used [0x000000076b580000,0x000000076ea179c8,0x0000000773380000)
  from space 12800K, 21% used [0x0000000774000000,0x00000007742b3740,0x0000000774c80000)
  to   space 12800K, 0% used [0x0000000773380000,0x0000000773380000,0x0000000774000000)
 ParOldGen       total 94208K, used 15283K [0x00000006c2000000, 0x00000006c7c00000, 0x000000076b580000)
  object space 94208K, 16% used [0x00000006c2000000,0x00000006c2eecf38,0x00000006c7c00000)
 Metaspace       used 24062K, capacity 25144K, committed 25344K, reserved 1071104K
  class space    used 3284K, capacity 3503K, committed 3584K, reserved 1048576K
GC Heap History (10 events):
Event: 9.209 GC heap before
{Heap before GC invocations=3 (full 1):
 PSYoungGen      total 75776K, used 9932K [0x000000076b580000, 0x0000000770a00000, 0x00000007c0000000)
  eden space 65024K, 0% used [0x000000076b580000,0x000000076b580000,0x000000076f500000)
  from space 10752K, 92% used [0x000000076ff80000,0x00000007709332d0,0x0000000770a00000)
  to   space 10752K, 0% used [0x000000076f500000,0x000000076f500000,0x000000076ff80000)
 ParOldGen       total 173568K, used 11144K [0x00000006c2000000, 0x00000006cc980000, 0x000000076b580000)
  object space 173568K, 6% used [0x00000006c2000000,0x00000006c2ae2020,0x00000006cc980000)
 Metaspace       used 20200K, capacity 21164K, committed 21296K, reserved 1067008K
  class space    used 2893K, capacity 3131K, committed 3200K, reserved 1048576K
Event: 9.227 GC heap after
Heap after GC invocations=3 (full 1):
 PSYoungGen      total 75776K, used 0K [0x000000076b580000, 0x0000000770a00000, 0x00000007c0000000)
  eden space 65024K, 0% used [0x000000076b580000,0x000000076b580000,0x000000076f500000)
  from space 10752K, 0% used [0x000000076ff80000,0x000000076ff80000,0x0000000770a00000)
  to   space 10752K, 0% used [0x000000076f500000,0x000000076f500000,0x000000076ff80000)
 ParOldGen       total 94208K, used 15251K [0x00000006c2000000, 0x00000006c7c00000, 0x000000076b580000)
  object space 94208K, 16% used [0x00000006c2000000,0x00000006c2ee4f38,0x00000006c7c00000)
 Metaspace       used 20200K, capacity 21164K, committed 21296K, reserved 1067008K
  class space    used 2893K, capacity 3131K, committed 3200K, reserved 1048576K
}
Event: 10.132 GC heap before
{Heap before GC invocations=4 (full 1):
 PSYoungGen      total 75776K, used 65016K [0x000000076b580000, 0x0000000770a00000, 0x00000007c0000000)
  eden space 65024K, 99% used [0x000000076b580000,0x000000076f4fe368,0x000000076f500000)
  from space 10752K, 0% used [0x000000076ff80000,0x000000076ff80000,0x0000000770a00000)
  to   space 10752K, 0% used [0x000000076f500000,0x000000076f500000,0x000000076ff80000)
 ParOldGen       total 94208K, used 15251K [0x00000006c2000000, 0x00000006c7c00000, 0x000000076b580000)
  object space 94208K, 16% used [0x00000006c2000000,0x00000006c2ee4f38,0x00000006c7c00000)
 Metaspace       used 23422K, capacity 24434K, committed 24576K, reserved 1071104K
  class space    used 3236K, capacity 3462K, committed 3584K, reserved 1048576K
Event: 10.136 GC heap after
Heap after GC invocations=4 (full 1):
 PSYoungGen      total 75776K, used 3935K [0x000000076b580000, 0x0000000770a00000, 0x00000007c0000000)
  eden space 65024K, 0% used [0x000000076b580000,0x000000076b580000,0x000000076f500000)
  from space 10752K, 36% used [0x000000076f500000,0x000000076f8d7d88,0x000000076ff80000)
  to   space 10752K, 0% used [0x000000076ff80000,0x000000076ff80000,0x0000000770a00000)
 ParOldGen       total 94208K, used 15259K [0x00000006c2000000, 0x00000006c7c00000, 0x000000076b580000)
  object space 94208K, 16% used [0x00000006c2000000,0x00000006c2ee6f38,0x00000006c7c00000)
 Metaspace       used 23422K, capacity 24434K, committed 24576K, reserved 1071104K
  class space    used 3236K, capacity 3462K, committed 3584K, reserved 1048576K
}
Event: 10.147 GC heap before
{Heap before GC invocations=5 (full 1):
 PSYoungGen      total 75776K, used 68886K [0x000000076b580000, 0x0000000770a00000, 0x00000007c0000000)
  eden space 65024K, 99% used [0x000000076b580000,0x000000076f4edcb0,0x000000076f500000)
  from space 10752K, 36% used [0x000000076f500000,0x000000076f8d7d88,0x000000076ff80000)
  to   space 10752K, 0% used [0x000000076ff80000,0x000000076ff80000,0x0000000770a00000)
 ParOldGen       total 94208K, used 15259K [0x00000006c2000000, 0x00000006c7c00000, 0x000000076b580000)
  object space 94208K, 16% used [0x00000006c2000000,0x00000006c2ee6f38,0x00000006c7c00000)
 Metaspace       used 23422K, capacity 24434K, committed 24576K, reserved 1071104K
  class space    used 3236K, capacity 3462K, committed 3584K, reserved 1048576K
Event: 10.149 GC heap after
Heap after GC invocations=5 (full 1):
 PSYoungGen      total 75776K, used 2642K [0x000000076b580000, 0x0000000774680000, 0x00000007c0000000)
  eden space 65024K, 0% used [0x000000076b580000,0x000000076b580000,0x000000076f500000)
  from space 10752K, 24% used [0x000000076ff80000,0x0000000770214b28,0x0000000770a00000)
  to   space 10752K, 0% used [0x000000076f500000,0x000000076f500000,0x000000076ff80000)
 ParOldGen       total 94208K, used 15267K [0x00000006c2000000, 0x00000006c7c00000, 0x000000076b580000)
  object space 94208K, 16% used [0x00000006c2000000,0x00000006c2ee8f38,0x00000006c7c00000)
 Metaspace       used 23422K, capacity 24434K, committed 24576K, reserved 1071104K
  class space    used 3236K, capacity 3462K, committed 3584K, reserved 1048576K
}
Event: 10.158 GC heap before
{Heap before GC invocations=6 (full 1):
 PSYoungGen      total 75776K, used 67617K [0x000000076b580000, 0x0000000774680000, 0x00000007c0000000)
  eden space 65024K, 99% used [0x000000076b580000,0x000000076f4f3a00,0x000000076f500000)
  from space 10752K, 24% used [0x000000076ff80000,0x0000000770214b28,0x0000000770a00000)
  to   space 10752K, 0% used [0x000000076f500000,0x000000076f500000,0x000000076ff80000)
 ParOldGen       total 94208K, used 15267K [0x00000006c2000000, 0x00000006c7c00000, 0x000000076b580000)
  object space 94208K, 16% used [0x00000006c2000000,0x00000006c2ee8f38,0x00000006c7c00000)
 Metaspace       used 23425K, capacity 24434K, committed 24576K, reserved 1071104K
  class space    used 3236K, capacity 3462K, committed 3584K, reserved 1048576K
Event: 10.159 GC heap after
Heap after GC invocations=6 (full 1):
 PSYoungGen      total 75776K, used 2675K [0x000000076b580000, 0x0000000774d00000, 0x00000007c0000000)
  eden space 65024K, 0% used [0x000000076b580000,0x000000076b580000,0x000000076f500000)
  from space 10752K, 24% used [0x000000076f500000,0x000000076f79cd18,0x000000076ff80000)
  to   space 13312K, 0% used [0x0000000774000000,0x0000000774000000,0x0000000774d00000)
 ParOldGen       total 94208K, used 15275K [0x00000006c2000000, 0x00000006c7c00000, 0x000000076b580000)
  object space 94208K, 16% used [0x00000006c2000000,0x00000006c2eeaf38,0x00000006c7c00000)
 Metaspace       used 23425K, capacity 24434K, committed 24576K, reserved 1071104K
  class space    used 3236K, capacity 3462K, committed 3584K, reserved 1048576K
}
Event: 10.167 GC heap before
{Heap before GC invocations=7 (full 1):
 PSYoungGen      total 75776K, used 67554K [0x000000076b580000, 0x0000000774d00000, 0x00000007c0000000)
  eden space 65024K, 99% used [0x000000076b580000,0x000000076f4dbc98,0x000000076f500000)
  from space 10752K, 24% used [0x000000076f500000,0x000000076f79cd18,0x000000076ff80000)
  to   space 13312K, 0% used [0x0000000774000000,0x0000000774000000,0x0000000774d00000)
 ParOldGen       total 94208K, used 15275K [0x00000006c2000000, 0x00000006c7c00000, 0x000000076b580000)
  object space 94208K, 16% used [0x00000006c2000000,0x00000006c2eeaf38,0x00000006c7c00000)
 Metaspace       used 23425K, capacity 24434K, committed 24576K, reserved 1071104K
  class space    used 3236K, capacity 3462K, committed 3584K, reserved 1048576K
Event: 10.168 GC heap after
Heap after GC invocations=7 (full 1):
 PSYoungGen      total 141824K, used 2765K [0x000000076b580000, 0x0000000774c80000, 0x00000007c0000000)
  eden space 129024K, 0% used [0x000000076b580000,0x000000076b580000,0x0000000773380000)
  from space 12800K, 21% used [0x0000000774000000,0x00000007742b3740,0x0000000774c80000)
  to   space 12800K, 0% used [0x0000000773380000,0x0000000773380000,0x0000000774000000)
 ParOldGen       total 94208K, used 15283K [0x00000006c2000000, 0x00000006c7c00000, 0x000000076b580000)
  object space 94208K, 16% used [0x00000006c2000000,0x00000006c2eecf38,0x00000006c7c00000)
 Metaspace       used 23425K, capacity 24434K, committed 24576K, reserved 1071104K
  class space    used 3236K, capacity 3462K, committed 3584K, reserved 1048576K
}

