# JRE version: Java(TM) SE Runtime Environment (8.0_144-b01) (build 1.8.0_144-b01)
# Java VM: Java HotSpot(TM) 64-Bit Server VM (25.144-b01 mixed mode windows-amd64 compressed oops)
Heap:
 PSYoungGen      total 133632K, used 102277K [0x000000076b580000, 0x000000077b100000, 0x00000007c0000000)
  eden space 123392K, 74% used [0x000000076b580000,0x0000000770f64ab0,0x0000000772e00000)
  from space 10240K, 99% used [0x0000000772e00000,0x00000007737fc9f0,0x0000000773800000)
  to   space 11776K, 0% used [0x000000077a580000,0x000000077a580000,0x000000077b100000)
 ParOldGen       total 128000K, used 15746K [0x00000006c2000000, 0x00000006c9d00000, 0x000000076b580000)
  object space 128000K, 12% used [0x00000006c2000000,0x00000006c2f60ba0,0x00000006c9d00000)
 Metaspace       used 24638K, capacity 25662K, committed 25984K, reserved 1071104K
  class space    used 3107K, capacity 3348K, committed 3456K, reserved 1048576K
GC Heap History (10 events):
Event: 7.340 GC heap before
{Heap before GC invocations=4 (full 1):
 PSYoungGen      total 75776K, used 65024K [0x000000076b580000, 0x0000000770a00000, 0x00000007c0000000)
  eden space 65024K, 100% used [0x000000076b580000,0x000000076f500000,0x000000076f500000)
  from space 10752K, 0% used [0x000000076ff80000,0x000000076ff80000,0x0000000770a00000)
  to   space 10752K, 0% used [0x000000076f500000,0x000000076f500000,0x000000076ff80000)
 ParOldGen       total 128000K, used 14528K [0x00000006c2000000, 0x00000006c9d00000, 0x000000076b580000)
  object space 128000K, 11% used [0x00000006c2000000,0x00000006c2e30070,0x00000006c9d00000)
 Metaspace       used 22831K, capacity 23756K, committed 23936K, reserved 1071104K
  class space    used 2939K, capacity 3169K, committed 3200K, reserved 1048576K
Event: 7.348 GC heap after
Heap after GC invocations=4 (full 1):
 PSYoungGen      total 75776K, used 8112K [0x000000076b580000, 0x0000000772480000, 0x00000007c0000000)
  eden space 65024K, 0% used [0x000000076b580000,0x000000076b580000,0x000000076f500000)
  from space 10752K, 75% used [0x000000076f500000,0x000000076fcec178,0x000000076ff80000)
  to   space 10752K, 0% used [0x0000000771a00000,0x0000000771a00000,0x0000000772480000)
 ParOldGen       total 128000K, used 14536K [0x00000006c2000000, 0x00000006c9d00000, 0x000000076b580000)
  object space 128000K, 11% used [0x00000006c2000000,0x00000006c2e32070,0x00000006c9d00000)
 Metaspace       used 22831K, capacity 23756K, committed 23936K, reserved 1071104K
  class space    used 2939K, capacity 3169K, committed 3200K, reserved 1048576K
}
Event: 11.185 GC heap before
{Heap before GC invocations=5 (full 1):
 PSYoungGen      total 75776K, used 73079K [0x000000076b580000, 0x0000000772480000, 0x00000007c0000000)
  eden space 65024K, 99% used [0x000000076b580000,0x000000076f4f1bc8,0x000000076f500000)
  from space 10752K, 75% used [0x000000076f500000,0x000000076fcec178,0x000000076ff80000)
  to   space 10752K, 0% used [0x0000000771a00000,0x0000000771a00000,0x0000000772480000)
 ParOldGen       total 128000K, used 14536K [0x00000006c2000000, 0x00000006c9d00000, 0x000000076b580000)
  object space 128000K, 11% used [0x00000006c2000000,0x00000006c2e32070,0x00000006c9d00000)
 Metaspace       used 23212K, capacity 24088K, committed 24192K, reserved 1071104K
  class space    used 2951K, capacity 3169K, committed 3200K, reserved 1048576K
Event: 11.188 GC heap after
Heap after GC invocations=5 (full 1):
 PSYoungGen      total 72192K, used 6683K [0x000000076b580000, 0x0000000772100000, 0x00000007c0000000)
  eden space 65024K, 0% used [0x000000076b580000,0x000000076b580000,0x000000076f500000)
  from space 7168K, 93% used [0x0000000771a00000,0x0000000772086c38,0x0000000772100000)
  to   space 10752K, 0% used [0x0000000770c00000,0x0000000770c00000,0x0000000771680000)
 ParOldGen       total 128000K, used 14544K [0x00000006c2000000, 0x00000006c9d00000, 0x000000076b580000)
  object space 128000K, 11% used [0x00000006c2000000,0x00000006c2e34070,0x00000006c9d00000)
 Metaspace       used 23212K, capacity 24088K, committed 24192K, reserved 1071104K
  class space    used 2951K, capacity 3169K, committed 3200K, reserved 1048576K
}
Event: 11.198 GC heap before
{Heap before GC invocations=6 (full 1):
 PSYoungGen      total 72192K, used 71656K [0x000000076b580000, 0x0000000772100000, 0x00000007c0000000)
  eden space 65024K, 99% used [0x000000076b580000,0x000000076f4f3790,0x000000076f500000)
  from space 7168K, 93% used [0x0000000771a00000,0x0000000772086c38,0x0000000772100000)
  to   space 10752K, 0% used [0x0000000770c00000,0x0000000770c00000,0x0000000771680000)
 ParOldGen       total 128000K, used 14544K [0x00000006c2000000, 0x00000006c9d00000, 0x000000076b580000)
  object space 128000K, 11% used [0x00000006c2000000,0x00000006c2e34070,0x00000006c9d00000)
 Metaspace       used 23212K, capacity 24088K, committed 24192K, reserved 1071104K
  class space    used 2951K, capacity 3169K, committed 3200K, reserved 1048576K
Event: 11.201 GC heap after
Heap after GC invocations=6 (full 1):
 PSYoungGen      total 99328K, used 6697K [0x000000076b580000, 0x0000000774200000, 0x00000007c0000000)
  eden space 88576K, 0% used [0x000000076b580000,0x000000076b580000,0x0000000770c00000)
  from space 10752K, 62% used [0x0000000770c00000,0x000000077128a668,0x0000000771680000)
  to   space 10240K, 0% used [0x0000000773800000,0x0000000773800000,0x0000000774200000)
 ParOldGen       total 128000K, used 14552K [0x00000006c2000000, 0x00000006c9d00000, 0x000000076b580000)
  object space 128000K, 11% used [0x00000006c2000000,0x00000006c2e36070,0x00000006c9d00000)
 Metaspace       used 23212K, capacity 24088K, committed 24192K, reserved 1071104K
  class space    used 2951K, capacity 3169K, committed 3200K, reserved 1048576K
}
Event: 11.214 GC heap before
{Heap before GC invocations=7 (full 1):
 PSYoungGen      total 99328K, used 95251K [0x000000076b580000, 0x0000000774200000, 0x00000007c0000000)
  eden space 88576K, 99% used [0x000000076b580000,0x0000000770bfa8f8,0x0000000770c00000)
  from space 10752K, 62% used [0x0000000770c00000,0x000000077128a668,0x0000000771680000)
  to   space 10240K, 0% used [0x0000000773800000,0x0000000773800000,0x0000000774200000)
 ParOldGen       total 128000K, used 14552K [0x00000006c2000000, 0x00000006c9d00000, 0x000000076b580000)
  object space 128000K, 11% used [0x00000006c2000000,0x00000006c2e36070,0x00000006c9d00000)
 Metaspace       used 23212K, capacity 24088K, committed 24192K, reserved 1071104K
  class space    used 2951K, capacity 3169K, committed 3200K, reserved 1048576K
Event: 11.216 GC heap after
Heap after GC invocations=7 (full 1):
 PSYoungGen      total 133632K, used 6722K [0x000000076b580000, 0x0000000777000000, 0x00000007c0000000)
  eden space 123392K, 0% used [0x000000076b580000,0x000000076b580000,0x0000000772e00000)
  from space 10240K, 65% used [0x0000000773800000,0x0000000773e90930,0x0000000774200000)
  to   space 10240K, 0% used [0x0000000772e00000,0x0000000772e00000,0x0000000773800000)
 ParOldGen       total 128000K, used 14560K [0x00000006c2000000, 0x00000006c9d00000, 0x000000076b580000)
  object space 128000K, 11% used [0x00000006c2000000,0x00000006c2e38070,0x00000006c9d00000)
 Metaspace       used 23212K, capacity 24088K, committed 24192K, reserved 1071104K
  class space    used 2951K, capacity 3169K, committed 3200K, reserved 1048576K
}
Event: 24.307 GC heap before
{Heap before GC invocations=8 (full 1):
 PSYoungGen      total 133632K, used 130114K [0x000000076b580000, 0x0000000777000000, 0x00000007c0000000)
  eden space 123392K, 100% used [0x000000076b580000,0x0000000772e00000,0x0000000772e00000)
  from space 10240K, 65% used [0x0000000773800000,0x0000000773e90930,0x0000000774200000)
  to   space 10240K, 0% used [0x0000000772e00000,0x0000000772e00000,0x0000000773800000)
 ParOldGen       total 128000K, used 14560K [0x00000006c2000000, 0x00000006c9d00000, 0x000000076b580000)
  object space 128000K, 11% used [0x00000006c2000000,0x00000006c2e38070,0x00000006c9d00000)
 Metaspace       used 24334K, capacity 25340K, committed 25472K, reserved 1071104K
  class space    used 3090K, capacity 3331K, committed 3456K, reserved 1048576K
Event: 24.311 GC heap after
Heap after GC invocations=8 (full 1):
 PSYoungGen      total 133632K, used 10226K [0x000000076b580000, 0x000000077b100000, 0x00000007c0000000)
  eden space 123392K, 0% used [0x000000076b580000,0x000000076b580000,0x0000000772e00000)
  from space 10240K, 99% used [0x0000000772e00000,0x00000007737fc9f0,0x0000000773800000)
  to   space 11776K, 0% used [0x000000077a580000,0x000000077a580000,0x000000077b100000)
 ParOldGen       total 128000K, used 15746K [0x00000006c2000000, 0x00000006c9d00000, 0x000000076b580000)
  object space 128000K, 12% used [0x00000006c2000000,0x00000006c2f60ba0,0x00000006c9d00000)
 Metaspace       used 24334K, capacity 25340K, committed 25472K, reserved 1071104K
  class space    used 3090K, capacity 3331K, committed 3456K, reserved 1048576K
}

